<?xml version="1.0" encoding="UTF-8"?>
<testsuite name="AbstractObjectiveTest" tests="3" failures="0" errors="0" timestamp="2014-05-08T12:52:25" hostname="L80576" time="0.035">
  <properties/>
  <testcase name="AbstractObjective should have the good value[0]" classname="AbstractObjectiveTest" time="0.02"/>
  <testcase name="creationDate should not be null" classname="AbstractObjectiveTest" time="0.012"/>
  <testcase name="objective should not be null" classname="AbstractObjectiveTest" time="0.001"/>
  <system-out><![CDATA[]]></system-out>
  <system-err><![CDATA[]]></system-err>
</testsuite>
